[
  'Microsoft Print to PDF',
  'OneNote (Desktop)',
  'ZDesigner ZT231-203dpi ZPL (1)',
  'ZDesigner ZT231-203dpi ZPL'
]
warehouse-local-print-service listening on http://localhost:1995
[
  'ZDesigner ZT231-203dpi ZPL (1)',
  'ZDesigner ZT231-203dpi ZPL',
  'OneNote (Desktop)',
  'Microsoft Print to PDF'
]
warehouse-local-print-service listening on http://localhost:1995
[
  'ZDesigner ZT231-203dpi ZPL (1)',
  'ZDesigner ZT231-203dpi ZPL',
  'OneNote (Desktop)',
  'Microsoft Print to PDF'
]
warehouse-local-print-service listening on http://localhost:1995
[
  'ZDesigner ZT231-203dpi ZPL (1)',
  'ZDesigner ZT231-203dpi ZPL',
  'OneNote (Desktop)',
  'Microsoft Print to PDF'
]
warehouse-local-print-service listening on http://localhost:1995
[
  'ZDesigner ZT231-203dpi ZPL (1)',
  'ZDesigner ZT231-203dpi ZPL',
  'OneNote (Desktop)',
  'Microsoft Print to PDF'
]
warehouse-local-print-service listening on http://localhost:1995
[
  'ZDesigner ZT231-203dpi ZPL (1)',
  'ZDesigner ZT231-203dpi ZPL',
  'OneNote (Desktop)',
  'Microsoft Print to PDF'
]
warehouse-local-print-service listening on http://localhost:1995
[
  'ZDesigner ZT231-203dpi ZPL (1)',
  'ZDesigner ZT231-203dpi ZPL',
  'OneNote (Desktop)',
  'Microsoft Print to PDF'
]
warehouse-local-print-service listening on http://localhost:1995
[
  'ZDesigner ZT231-203dpi ZPL (1)',
  'ZDesigner ZT231-203dpi ZPL',
  'OneNote (Desktop)',
  'Microsoft Print to PDF'
]
warehouse-local-print-service listening on http://localhost:1995
[
  'ZDesigner ZT231-203dpi ZPL (1)',
  'ZDesigner ZT231-203dpi ZPL',
  'OneNote (Desktop)',
  'Microsoft Print to PDF'
]
warehouse-local-print-service listening on http://localhost:1995
[
  'ZDesigner ZT231-203dpi ZPL (1)',
  'ZDesigner ZT231-203dpi ZPL',
  'OneNote (Desktop)',
  'Microsoft Print to PDF'
]
warehouse-local-print-service listening on http://localhost:1995
[
  'ZDesigner ZT231-203dpi ZPL (1)',
  'ZDesigner ZT231-203dpi ZPL',
  'OneNote (Desktop)',
  'Microsoft Print to PDF'
]
warehouse-local-print-service listening on http://localhost:1995
[
  'ZDesigner ZT231-203dpi ZPL (1)',
  'ZDesigner ZT231-203dpi ZPL',
  'OneNote (Desktop)',
  'Microsoft Print to PDF'
]
warehouse-local-print-service listening on http://localhost:1995
[
  'ZDesigner ZT231-203dpi ZPL (1)',
  'ZDesigner ZT231-203dpi ZPL',
  'OneNote (Desktop)',
  'Microsoft Print to PDF'
]
warehouse-local-print-service listening on http://localhost:1995
[
  'ZDesigner ZT231-203dpi ZPL (1)',
  'ZDesigner ZT231-203dpi ZPL',
  'OneNote (Desktop)',
  'Microsoft Print to PDF'
]
warehouse-local-print-service listening on http://localhost:1995
[
  'ZDesigner ZT231-203dpi ZPL (1)',
  'ZDesigner ZT231-203dpi ZPL',
  'OneNote (Desktop)',
  'Microsoft Print to PDF'
]
warehouse-local-print-service listening on http://localhost:1995
[
  'ZDesigner ZT231-203dpi ZPL (1)',
  'ZDesigner ZT231-203dpi ZPL',
  'OneNote (Desktop)',
  'Microsoft Print to PDF'
]
warehouse-local-print-service listening on http://localhost:1995
[
  'ZDesigner ZT231-203dpi ZPL (1)',
  'ZDesigner ZT231-203dpi ZPL',
  'OneNote (Desktop)',
  'Microsoft Print to PDF'
]
[
  'ZDesigner ZT231-203dpi ZPL (1)',
  'ZDesigner ZT231-203dpi ZPL',
  'OneNote (Desktop)',
  'Microsoft Print to PDF'
]
[
  'Microsoft Print to PDF',
  'OneNote (Desktop)',
  'ZDesigner ZT231-203dpi ZPL (1)',
  'ZDesigner ZT231-203dpi ZPL'
]
